build/app/outputs/mapping/r8/release/mapping.txt
# compiler: R8
# compiler_version: 1.2.49
# min_api: 16
com.example.first_app.MainActivity -> com.example.first_app.MainActivity:
...
io.flutter.view.AccessibilityBridge$CustomAccessibilityAction -> io.flutter.view.g$c:
    int id -> b
    int overrideId -> c
    int resourceId -> a
    java.lang.String hint -> e
    java.lang.String label -> d
    int access$3100(io.flutter.view.AccessibilityBridge$CustomAccessibilityAction) -> b
    int access$3102(io.flutter.view.AccessibilityBridge$CustomAccessibilityAction,int) -> b
    int access$3600(io.flutter.view.AccessibilityBridge$CustomAccessibilityAction) -> d
    int access$3602(io.flutter.view.AccessibilityBridge$CustomAccessibilityAction,int) -> a
    int access$3800(io.flutter.view.AccessibilityBridge$CustomAccessibilityAction) -> e
    int access$3802(io.flutter.view.AccessibilityBridge$CustomAccessibilityAction,int) -> c
    java.lang.String access$2700(io.flutter.view.AccessibilityBridge$CustomAccessibilityAction) -> a
    java.lang.String access$2702(io.flutter.view.AccessibilityBridge$CustomAccessibilityAction,java.lang.String) -> b
    java.lang.String access$3200(io.flutter.view.AccessibilityBridge$CustomAccessibilityAction) -> c
    java.lang.String access$3202(io.flutter.view.AccessibilityBridge$CustomAccessibilityAction,java.lang.String) -> a
io.flutter.view.AccessibilityBridge$Flag -> io.flutter.view.g$d:
    int value -> x
    io.flutter.view.AccessibilityBridge$Flag HAS_CHECKED_STATE -> a
    io.flutter.view.AccessibilityBridge$Flag HAS_ENABLED_STATE -> g
    io.flutter.view.AccessibilityBridge$Flag HAS_IMPLICIT_SCROLLING -> s
    io.flutter.view.AccessibilityBridge$Flag HAS_TOGGLED_STATE -> q
    io.flutter.view.AccessibilityBridge$Flag IS_BUTTON -> d
    io.flutter.view.AccessibilityBridge$Flag IS_CHECKED -> b
    io.flutter.view.AccessibilityBridge$Flag IS_ENABLED -> h
    io.flutter.view.AccessibilityBridge$Flag IS_FOCUSABLE -> u
    io.flutter.view.AccessibilityBridge$Flag IS_FOCUSED -> f
    io.flutter.view.AccessibilityBridge$Flag IS_HEADER -> j
    io.flutter.view.AccessibilityBridge$Flag IS_HIDDEN -> n
    io.flutter.view.AccessibilityBridge$Flag IS_IMAGE -> o
    io.flutter.view.AccessibilityBridge$Flag IS_IN_MUTUALLY_EXCLUSIVE_GROUP -> i
    io.flutter.view.AccessibilityBridge$Flag IS_LINK -> v
    io.flutter.view.AccessibilityBridge$Flag IS_LIVE_REGION -> p
    io.flutter.view.AccessibilityBridge$Flag IS_OBSCURED -> k
    io.flutter.view.AccessibilityBridge$Flag IS_READ_ONLY -> t
    io.flutter.view.AccessibilityBridge$Flag IS_SELECTED -> c
    io.flutter.view.AccessibilityBridge$Flag IS_TEXT_FIELD -> e
    io.flutter.view.AccessibilityBridge$Flag IS_TOGGLED -> r
    io.flutter.view.AccessibilityBridge$Flag NAMES_ROUTE -> m
    io.flutter.view.AccessibilityBridge$Flag SCOPES_ROUTE -> l
io.flutter.view.AccessibilityBridge$OnAccessibilityChangeListener -> io.flutter.view.g$e:
    void onAccessibilityChanged(boolean,boolean) -> a